0 info it worked if it ends with ok
1 verbose cli [ '/home/sofia/.nvm/versions/node/v7.2.0/bin/node',
1 verbose cli   '/home/sofia/.nvm/versions/node/v7.2.0/bin/npm',
1 verbose cli   'start' ]
2 info using npm@3.10.9
3 info using node@v7.2.0
4 verbose stack Error: ENOENT: no such file or directory, open '/home/sofia/guidesmiths/client/package.json'
5 verbose cwd /home/sofia/guidesmiths/client
6 error Linux 4.15.0-47-generic
7 error argv "/home/sofia/.nvm/versions/node/v7.2.0/bin/node" "/home/sofia/.nvm/versions/node/v7.2.0/bin/npm" "start"
8 error node v7.2.0
9 error npm  v3.10.9
10 error path /home/sofia/guidesmiths/client/package.json
11 error code ENOENT
12 error errno -2
13 error syscall open
14 error enoent ENOENT: no such file or directory, open '/home/sofia/guidesmiths/client/package.json'
15 error enoent ENOENT: no such file or directory, open '/home/sofia/guidesmiths/client/package.json'
15 error enoent This is most likely not a problem with npm itself
15 error enoent and is related to npm not being able to find a file.
16 verbose exit [ -2, true ]
